There are 4 producers and 3 consumers.
Producer produced one item : 1 
Producer produced one item : 2 
Producer produced one item : 3 
Consumer consumed one item : 3 
Producer produced one item : 3 
Producer produced one item : 4 
Producer produced one item : 5 
Producer produced one item : 6 
Producer produced one item : 7 
Producer produced one item : 8 
Producer produced one item : 9 
Producer produced one item : 10 
Consumer consumed one item : 10 
Producer produced one item : 10 
Producer found that buffer is full and waiting for the consumer to consumeConsumer consumed one item : 10 
Consumer consumed one item : 9 
Consumer consumed one item : 8 
Consumer consumed one item : 7 
Consumer consumed one item : 6 
Consumer consumed one item : 5 
Consumer consumed one item : 4 
Consumer consumed one item : 3 
Consumer consumed one item : 2 
Consumer consumed one item : 1 
Consumer consumed one item : 0 
Consumer found that the buffer is empty and waiting for the producer to produceProducer produced one item : 0 
Producer produced one item : 1 
Producer produced one item : 2 
Producer produced one item : 3 
Producer produced one item : 4 
Producer produced one item : 5 
Producer produced one item : 6 
Producer produced one item : 7 
Producer produced one item : 8 
Producer produced one item : 9 
Producer produced one item : 10 
Producer found that buffer is full and waiting for the consumer to consumeConsumer consumed one item : 10 
Consumer consumed one item : 9 
Consumer consumed one item : 8 
Producer produced one item : 8 
Consumer consumed one item : 8 
Producer produced one item : 8 
Consumer consumed one item : 8 
Producer produced one item : 8 
Consumer consumed one item : 8 
Producer produced one item : 8 
Producer produced one item : 9 
Producer produced one item : 10 
Producer found that buffer is full and waiting for the consumer to consumeConsumer consumed one item : 10 
Producer produced one item : 10 
Producer found that buffer is full and waiting for the consumer to consumeConsumer consumed one item : 10 
Producer produced one item : 10 
Producer found that buffer is full and waiting for the consumer to consumeConsumer consumed one item : 10 
Producer produced one item : 10 
Producer found that buffer is full and waiting for the consumer to consumeConsumer consumed one item : 10 
Producer produced one item : 10 
Consumer consumed one item : 10 
Producer produced one item : 10 
Producer found that buffer is full and waiting for the consumer to consumeProducer produced one item : 11 
Consumer consumed one item : 11 
Producer produced one item : 11 
Consumer consumed one item : 11 
Producer found that buffer is full and waiting for the consumer to consumeConsumer consumed one item : 10 
Consumer consumed one item : 9 
Consumer consumed one item : 8 
Consumer consumed one item : 7 
Producer produced one item : 7 
Producer produced one item : 8 
Producer produced one item : 9 
Producer produced one item : 10 
Producer found that buffer is full and waiting for the consumer to consumeProducer found that buffer is full and waiting for the consumer to consumeProducer produced one item : 11 
Producer produced one item : 12 
Consumer consumed one item : 12 
Producer produced one item : 12 
Producer produced one item : 13 
Producer produced one item : 14 
Consumer consumed one item : 14 
Producer produced one item : 14 
Producer produced one item : 15 
Producer produced one item : 16 
Producer produced one item : 17 
Producer produced one item : 18 
Consumer consumed one item : 18 
Producer produced one item : 18 
Producer produced one item : 19 
Producer produced one item : 20 
Producer produced one item : 21 
Producer produced one item : 22 
Producer produced one item : 23 
Producer produced one item : 24 
Consumer consumed one item : 24 
Consumer consumed one item : 23 
Producer produced one item : 23 
Consumer consumed one item : 23 
Consumer consumed one item : 22 
Producer produced one item : 22 
Producer produced one item : 23 
Producer produced one item : 24 
Producer produced one item : 25 
Producer produced one item : 26 
Producer produced one item : 27 
Producer produced one item : 28 
Consumer consumed one item : 28 
Producer produced one item : 28 
Consumer consumed one item : 28 
Producer produced one item : 28 
Consumer consumed one item : 28 
Producer produced one item : 28 
Consumer consumed one item : 28 
Producer produced one item : 28 
Consumer consumed one item : 28 
Producer produced one item : 28 
Producer produced one item : 29 
Producer produced one item : 30 
Consumer consumed one item : 30 
Producer produced one item : 30 
Producer produced one item : 31 
Producer produced one item : 32 
Producer produced one item : 33 
Producer produced one item : 34 
Producer produced one item : 35 
Producer produced one item : 36 
Producer produced one item : 37 
Producer produced one item : 38 
Producer produced one item : 39 
Consumer consumed one item : 39 
Consumer consumed one item : 38 
Producer produced one item : 38 
Consumer consumed one item : 38 
Producer produced one item : 38 
Consumer consumed one item : 38 
Producer produced one item : 38 
Consumer consumed one item : 38 
Producer produced one item : 38 
Consumer consumed one item : 38 
Consumer consumed one item : 37 
Producer produced one item : 37 
Consumer consumed one item : 37 
Consumer consumed one item : 36 
Consumer consumed one item : 35 
Consumer consumed one item : 34 
Consumer consumed one item : 33 
Producer produced one item : 33 
Consumer consumed one item : 33 
Producer produced one item : 33 
Consumer consumed one item : 33 
Producer produced one item : 33 
Producer produced one item : 34 
Consumer consumed one item : 34 
Producer produced one item : 34 
Producer produced one item : 35 
Producer produced one item : 36 
Producer produced one item : 37 
Producer produced one item : 38 
Consumer consumed one item : 38 
Consumer consumed one item : 37 
Consumer consumed one item : 36 
Consumer consumed one item : 35 
Consumer consumed one item : 34 
Producer produced one item : 34 
Producer produced one item : 35 
Producer produced one item : 36 
Consumer consumed one item : 36 
Consumer consumed one item : 35 
Consumer consumed one item : 34 
Producer produced one item : 34 
Consumer consumed one item : 34 
Producer produced one item : 34 
Consumer consumed one item : 34 
Producer produced one item : 34 
Producer produced one item : 35 
Producer produced one item : 36 
Producer produced one item : 37 
Consumer consumed one item : 37 
Consumer consumed one item : 36 
Consumer consumed one item : 35 
Consumer consumed one item : 34 
Producer produced one item : 34 
Consumer consumed one item : 34 
Producer produced one item : 34 
Consumer consumed one item : 34 
Consumer consumed one item : 33 
Consumer consumed one item : 32 
Producer produced one item : 32 
Producer produced one item : 33 
Producer produced one item : 34 
Producer produced one item : 35 
Consumer consumed one item : 35 
Consumer consumed one item : 34 
Producer produced one item : 34 
Producer produced one item : 35 
Consumer consumed one item : 35 
Consumer consumed one item : 34 
Consumer consumed one item : 33 
Consumer consumed one item : 32 
Producer produced one item : 32 
Consumer consumed one item : 32 
Consumer consumed one item : 31 
Consumer consumed one item : 30 
Consumer consumed one item : 29 
Consumer consumed one item : 28 
Consumer consumed one item : 27 
Producer produced one item : 27 
Consumer consumed one item : 27 
Producer produced one item : 27 
Consumer consumed one item : 27 
Consumer consumed one item : 26 
Consumer consumed one item : 25 
Consumer consumed one item : 24 
Consumer consumed one item : 23 
Consumer consumed one item : 22 
Consumer consumed one item : 21 
Consumer consumed one item : 20 
Consumer consumed one item : 19 
Consumer consumed one item : 18 
Consumer consumed one item : 17 
Consumer consumed one item : 16 
Consumer consumed one item : 15 
Consumer consumed one item : 14 
Consumer consumed one item : 13 
Consumer consumed one item : 12 
Consumer consumed one item : 11 
Consumer consumed one item : 10 
Consumer consumed one item : 9 
Consumer consumed one item : 8 
Consumer consumed one item : 7 
Consumer consumed one item : 6 
Producer produced one item : 6 
Producer produced one item : 7 
Producer produced one item : 8 
Consumer consumed one item : 8 
Consumer consumed one item : 7 
Consumer consumed one item : 6 
Producer produced one item : 6 
Producer produced one item : 7 
Producer produced one item : 8 
Consumer consumed one item : 8 
Producer produced one item : 8 
Producer produced one item : 9 
Consumer consumed one item : 9 
Producer produced one item : 9 
Producer produced one item : 10 
Producer found that buffer is full and waiting for the consumer to consumeProducer found that buffer is full and waiting for the consumer to consumeProducer found that buffer is full and waiting for the consumer to consumeConsumer consumed one item : 10 
Consumer consumed one item : 9 
Producer produced one item : 9 
Producer produced one item : 10 
Consumer consumed one item : 10 
Producer produced one item : 10 
Consumer consumed one item : 10 
Consumer consumed one item : 9 
Consumer consumed one item : 8 
Consumer consumed one item : 7 
Producer produced one item : 7 
Consumer consumed one item : 7 
Producer produced one item : 7 
Producer produced one item : 8 
Consumer consumed one item : 8 
Consumer consumed one item : 7 
Producer produced one item : 7 
Producer produced one item : 8 
Producer produced one item : 9 
Producer produced one item : 10 
Producer found that buffer is full and waiting for the consumer to consumeConsumer consumed one item : 10 
Consumer consumed one item : 9 
Consumer consumed one item : 8 
Consumer consumed one item : 7 
Producer produced one item : 7 
Consumer consumed one item : 7 
Consumer consumed one item : 6 
Producer produced one item : 6 
Consumer consumed one item : 6 
Consumer consumed one item : 5 
Consumer consumed one item : 4 
Producer produced one item : 4 
Consumer consumed one item : 4 
Producer produced one item : 4 
Producer produced one item : 5 
Producer produced one item : 6 
Producer produced one item : 7 
Producer produced one item : 8 
Producer produced one item : 9 
Producer produced one item : 10 
Producer found that buffer is full and waiting for the consumer to consumeProducer found that buffer is full and waiting for the consumer to consumeConsumer consumed one item : 10 
Producer produced one item : 10 
Producer produced one item : 11 
Producer produced one item : 12 
Producer produced one item : 13 
Producer produced one item : 14 
Consumer consumed one item : 14 
Producer produced one item : 14 
Consumer consumed one item : 14 
Consumer consumed one item : 13 
Producer produced one item : 13 
Producer produced one item : 14 
Producer produced one item : 15 
Producer produced one item : 16 
Producer produced one item : 17 
Producer produced one item : 18 
Producer produced one item : 19 
Producer produced one item : 20 
Producer produced one item : 21 
Producer produced one item : 22 
Producer produced one item : 23 
Consumer consumed one item : 23 
Producer produced one item : 23 
Producer produced one item : 24 
Producer produced one item : 25 
Producer produced one item : 26 
Consumer consumed one item : 26 
Producer produced one item : 26 
Consumer consumed one item : 26 
Producer produced one item : 26 
Producer produced one item : 27 
Producer produced one item : 28 
Producer produced one item : 29 
Producer produced one item : 30 
Producer produced one item : 31 
Producer produced one item : 32 
Producer produced one item : 33 
Producer produced one item : 34 
Producer produced one item : 35 
Producer produced one item : 36 
Producer produced one item : 37 
Producer produced one item : 38 
Producer produced one item : 39 
Producer produced one item : 40 
Producer produced one item : 41 
Producer produced one item : 42 
Producer produced one item : 43 
Producer produced one item : 44 
Producer produced one item : 45 
Producer produced one item : 46 
Producer produced one item : 47 
Producer produced one item : 48 
Producer produced one item : 49 
Consumer consumed one item : 49 
Consumer consumed one item : 48 
Consumer consumed one item : 47 
Producer produced one item : 47 
Consumer consumed one item : 47 
Producer produced one item : 47 
Consumer consumed one item : 47 
Producer produced one item : 47 
Producer produced one item : 48 
Consumer consumed one item : 48 
Consumer consumed one item : 47 
Producer produced one item : 47 
Producer produced one item : 48 
Producer produced one item : 49 
Producer produced one item : 50 
Consumer consumed one item : 50 
Consumer consumed one item : 49 
Consumer consumed one item : 48 
Producer produced one item : 48 
Consumer consumed one item : 48 
Producer produced one item : 48 
Consumer consumed one item : 48 
Consumer consumed one item : 47 
Consumer consumed one item : 46 
Consumer consumed one item : 45 
Producer produced one item : 45 
Consumer consumed one item : 45 
Consumer consumed one item : 44 
Consumer consumed one item : 43 
Consumer consumed one item : 42 
Producer produced one item : 42 
Consumer consumed one item : 42 
Consumer consumed one item : 41 
Consumer consumed one item : 40 
Producer produced one item : 40 
Consumer consumed one item : 40 
Producer produced one item : 40 
Producer produced one item : 41 
Producer produced one item : 42 
Producer produced one item : 43 
Producer produced one item : 44 
Producer produced one item : 45 
Consumer consumed one item : 45 
Consumer consumed one item : 44 
Consumer consumed one item : 43 
Consumer consumed one item : 42 
Consumer consumed one item : 41 
Consumer consumed one item : 40 
Producer produced one item : 40 
Consumer consumed one item : 40 
Producer produced one item : 40 
Consumer consumed one item : 40 
Producer produced one item : 40 
Producer produced one item : 41 
Consumer consumed one item : 41 
Consumer consumed one item : 40 
Consumer consumed one item : 39 
Consumer consumed one item : 38 
Producer produced one item : 38 
Producer produced one item : 39 
Producer produced one item : 40 
Producer produced one item : 41 
Producer produced one item : 42 
Consumer consumed one item : 42 
Consumer consumed one item : 41 
Consumer consumed one item : 40 
Consumer consumed one item : 39 
Consumer consumed one item : 38 
Consumer consumed one item : 37 
Producer produced one item : 37 
Consumer consumed one item : 37 
Producer produced one item : 37 
Producer produced one item : 38 
Producer produced one item : 39 
Producer produced one item : 40 
Producer produced one item : 41 
Consumer consumed one item : 41 
Consumer consumed one item : 40 
Consumer consumed one item : 39 
Consumer consumed one item : 38 
Consumer consumed one item : 37 
Producer produced one item : 37 
Consumer consumed one item : 37 
Producer produced one item : 37 
Consumer consumed one item : 37 
Producer produced one item : 37 
Producer produced one item : 38 
Producer produced one item : 39 
Producer produced one item : 40 
Producer produced one item : 41 
Producer produced one item : 42 
Producer produced one item : 43 
Producer produced one item : 44 
Producer produced one item : 45 
Producer produced one item : 46 
Producer produced one item : 47 
Producer produced one item : 48 
Producer produced one item : 49 
Producer produced one item : 50 
Producer produced one item : 51 
Producer produced one item : 52 
Producer produced one item : 53 
Consumer consumed one item : 53 
Producer produced one item : 53 
Producer produced one item : 54 
Producer produced one item : 55 
Producer produced one item : 56 
Producer produced one item : 57 
Consumer consumed one item : 57 
Consumer consumed one item : 56 
Consumer consumed one item : 55 
Consumer consumed one item : 54 
Consumer consumed one item : 53 
Consumer consumed one item : 52 
Consumer consumed one item : 51 
Consumer consumed one item : 50 
Consumer consumed one item : 49 
Consumer consumed one item : 48 
Consumer consumed one item : 47 
Consumer consumed one item : 46 
Consumer consumed one item : 45 
Consumer consumed one item : 44 
Consumer consumed one item : 43 
Consumer consumed one item : 42 
Producer produced one item : 42 
Producer produced one item : 43 
Producer produced one item : 44 
Producer produced one item : 45 
Producer produced one item : 46 
Producer produced one item : 47 
Producer produced one item : 48 
Producer produced one item : 49 
Consumer consumed one item : 49 
Producer produced one item : 49 
Producer produced one item : 50 
Producer produced one item : 51 
Producer produced one item : 52 
Producer produced one item : 53 
Producer produced one item : 54 
Producer produced one item : 55 
Producer produced one item : 56 
Producer produced one item : 57 
Producer produced one item : 58 
Consumer consumed one item : 58 
Consumer consumed one item : 57 
Consumer consumed one item : 56 
Consumer consumed one item : 55 
Consumer consumed one item : 54 
Producer produced one item : 54 
Consumer consumed one item : 54 
Producer produced one item : 54 
Producer produced one item : 55 
Consumer consumed one item : 55 
Consumer consumed one item : 54 
Consumer consumed one item : 53 
Consumer consumed one item : 52 
Consumer consumed one item : 51 
Consumer consumed one item : 50 
Consumer consumed one item : 49 
Consumer consumed one item : 48 
Consumer consumed one item : 47 
Producer produced one item : 47 
Producer produced one item : 48 
Consumer consumed one item : 48 
Consumer consumed one item : 47 
Producer produced one item : 47 
Producer produced one item : 48 
Producer produced one item : 49 
Producer produced one item : 50 
Producer produced one item : 51 
Producer produced one item : 52 
Producer produced one item : 53 
Producer produced one item : 54 
Producer produced one item : 55 
Consumer consumed one item : 55 
Consumer consumed one item : 54 
Consumer consumed one item : 53 
Consumer consumed one item : 52 
Producer produced one item : 52 
Producer produced one item : 53 
Producer produced one item : 54 
Producer produced one item : 55 
Consumer consumed one item : 55 
Producer produced one item : 55 
Producer produced one item : 56 
Producer produced one item : 57 
Producer produced one item : 58 
Producer produced one item : 59 
Producer produced one item : 60 
Producer produced one item : 61 
Producer produced one item : 62 
Producer produced one item : 63 
Producer produced one item : 64 
Producer produced one item : 65 
Producer produced one item : 66 
Producer produced one item : 67 
Producer produced one item : 68 
Consumer consumed one item : 68 
Consumer consumed one item : 67 
Producer produced one item : 67 
Consumer consumed one item : 67 
Consumer consumed one item : 66 
Consumer consumed one item : 65 
Consumer consumed one item : 64 
Consumer consumed one item : 63 
Consumer consumed one item : 62 
Consumer consumed one item : 61 
Consumer consumed one item : 60 
Consumer consumed one item : 59 
Producer produced one item : 59 
Producer produced one item : 60 
Producer produced one item : 61 
Producer produced one item : 62 
Producer produced one item : 63 
Producer produced one item : 64 
Producer produced one item : 65 
Producer produced one item : 66 
Producer produced one item : 67 
Producer produced one item : 68 
Producer produced one item : 69 
Producer produced one item : 70 
Producer produced one item : 71 
Producer produced one item : 72 
Producer produced one item : 73 
Producer produced one item : 74 
Producer produced one item : 75 
Producer produced one item : 76 
Producer produced one item : 77 
Producer produced one item : 78 
Producer produced one item : 79 
Producer produced one item : 80 
Producer produced one item : 81 
Producer produced one item : 82 
Producer produced one item : 83 
Producer produced one item : 84 
Producer produced one item : 85 
Producer produced one item : 86 
Producer produced one item : 87 
Producer produced one item : 88 
Producer produced one item : 89 
Producer produced one item : 90 
Producer produced one item : 91 
Consumer consumed one item : 91 
Producer produced one item : 91 
Producer produced one item : 92 
Consumer consumed one item : 92 
Producer produced one item : 92 
Consumer consumed one item : 92 
Consumer consumed one item : 91 
Producer produced one item : 91 
Producer produced one item : 92 
Producer produced one item : 93 
Producer produced one item : 94 
Producer produced one item : 95 
Producer produced one item : 96 
Producer produced one item : 97 
Producer produced one item : 98 
Producer produced one item : 99 
Producer produced one item : 100 
Producer produced one item : 101 
Producer produced one item : 102 
Producer produced one item : 103 
Producer produced one item : 104 
Producer produced one item : 105 
Producer produced one item : 106 
Producer produced one item : 107 
Producer produced one item : 108 
Producer produced one item : 109 
Producer produced one item : 110 
Producer produced one item : 111 
Producer produced one item : 112 
Producer produced one item : 113 
Producer produced one item : 114 
Producer produced one item : 115 
Producer produced one item : 116 
Consumer consumed one item : 116 
Consumer consumed one item : 115 
Consumer consumed one item : 114 
Consumer consumed one item : 113 
Consumer consumed one item : 112 
Producer produced one item : 112 
Consumer consumed one item : 112 
Consumer consumed one item : 111 
Consumer consumed one item : 110 
Producer produced one item : 110 
Producer produced one item : 111 
Producer produced one item : 112 
Producer produced one item : 113 
Producer produced one item : 114 
Producer produced one item : 115 
Producer produced one item : 116 
Consumer consumed one item : 116 
Consumer consumed one item : 115 
Consumer consumed one item : 114 
Consumer consumed one item : 113 
Consumer consumed one item : 112 
Consumer consumed one item : 111 
Consumer consumed one item : 110 
Consumer consumed one item : 109 
Consumer consumed one item : 108 
Consumer consumed one item : 107 
Consumer consumed one item : 106 
Consumer consumed one item : 105 
Consumer consumed one item : 104 
Consumer consumed one item : 103 
Consumer consumed one item : 102 
Consumer consumed one item : 101 
Consumer consumed one item : 100 
Consumer consumed one item : 99 
Consumer consumed one item : 98 
Consumer consumed one item : 97 
Consumer consumed one item : 96 
Consumer consumed one item : 95 
Consumer consumed one item : 94 
Consumer consumed one item : 93 
Consumer consumed one item : 92 
Consumer consumed one item : 91 
Consumer consumed one item : 90 
Consumer consumed one item : 89 
Consumer consumed one item : 88 
Consumer consumed one item : 87 
Consumer consumed one item : 86 
Consumer consumed one item : 85 
Consumer consumed one item : 84 
Consumer consumed one item : 83 
Consumer consumed one item : 82 
Producer produced one item : 82 
Producer produced one item : 83 
Producer produced one item : 84 
Producer produced one item : 85 
Producer produced one item : 86 
Producer produced one item : 87 
Producer produced one item : 88 
Producer produced one item : 89 
Consumer consumed one item : 89 
Consumer consumed one item : 88 
Producer produced one item : 88 
Producer produced one item : 89 
Producer produced one item : 90 
Producer produced one item : 91 
Consumer consumed one item : 91 
Consumer consumed one item : 90 
Consumer consumed one item : 89 
Consumer consumed one item : 88 
Consumer consumed one item : 87 
Consumer consumed one item : 86 
Consumer consumed one item : 85 
Consumer consumed one item : 84 
Producer produced one item : 84 
Producer produced one item : 85 
Producer produced one item : 86 
Producer produced one item : 87 
Producer produced one item : 88 
Producer produced one item : 89 
Producer produced one item : 90 
Producer produced one item : 91 
Producer produced one item : 92 
Producer produced one item : 93 
Producer produced one item : 94 
Producer produced one item : 95 
Producer produced one item : 96 
Producer produced one item : 97 
Producer produced one item : 98 
Producer produced one item : 99 
Producer produced one item : 100 
