There are 2 producers and 2 consumers.
Producer produced one item : 1 
Consumer consumed one item : 1 
Consumer consumed one item : 0 
Producer produced one item : 0 
Consumer consumed one item : 0 
Consumer found that the buffer is empty and waiting for the producer to produceProducer produced one item : 0 
Producer produced one item : 1 
Producer produced one item : 2 
Producer produced one item : 3 
Producer produced one item : 4 
Producer produced one item : 5 
Producer produced one item : 6 
Producer produced one item : 7 
Producer produced one item : 8 
Producer produced one item : 9 
Producer produced one item : 10 
Producer found that buffer is full and waiting for the consumer to consumeConsumer consumed one item : 10 
Producer produced one item : 10 
Producer produced one item : 11 
Producer produced one item : 12 
Consumer consumed one item : 12 
Consumer consumed one item : 11 
Consumer consumed one item : 10 
Producer produced one item : 10 
Producer found that buffer is full and waiting for the consumer to consumeConsumer consumed one item : 10 
Consumer consumed one item : 9 
Consumer consumed one item : 8 
Consumer consumed one item : 7 
Consumer consumed one item : 6 
Consumer consumed one item : 5 
Consumer consumed one item : 4 
Consumer consumed one item : 3 
Producer produced one item : 3 
Producer produced one item : 4 
Producer produced one item : 5 
Producer produced one item : 6 
Producer produced one item : 7 
Consumer consumed one item : 7 
Consumer consumed one item : 6 
Consumer consumed one item : 5 
Consumer consumed one item : 4 
Consumer consumed one item : 3 
Consumer consumed one item : 2 
Consumer consumed one item : 1 
Consumer consumed one item : 0 
Consumer found that the buffer is empty and waiting for the producer to produceConsumer consumed one item : -1 
Consumer consumed one item : -2 
Producer produced one item : -2 
Producer produced one item : -1 
Producer produced one item : 0 
Consumer consumed one item : 0 
Consumer found that the buffer is empty and waiting for the producer to produceConsumer found that the buffer is empty and waiting for the producer to produceProducer produced one item : 0 
Producer produced one item : 1 
Producer produced one item : 2 
Producer produced one item : 3 
Producer produced one item : 4 
Producer produced one item : 5 
Producer produced one item : 6 
Producer produced one item : 7 
Producer produced one item : 8 
Producer produced one item : 9 
Consumer consumed one item : 9 
Consumer consumed one item : 8 
Consumer consumed one item : 7 
Consumer consumed one item : 6 
Producer produced one item : 6 
Consumer consumed one item : 6 
Consumer consumed one item : 5 
Consumer consumed one item : 4 
Producer produced one item : 4 
Consumer consumed one item : 4 
Consumer consumed one item : 3 
Consumer consumed one item : 2 
Consumer consumed one item : 1 
Consumer consumed one item : 0 
Consumer found that the buffer is empty and waiting for the producer to produceConsumer found that the buffer is empty and waiting for the producer to produceProducer produced one item : 0 
Producer produced one item : 1 
Producer produced one item : 2 
Producer produced one item : 3 
Producer produced one item : 4 
Producer produced one item : 5 
Producer produced one item : 6 
Producer produced one item : 7 
Producer produced one item : 8 
Producer produced one item : 9 
Producer produced one item : 10 
Consumer consumed one item : 10 
Consumer consumed one item : 9 
Consumer consumed one item : 8 
Consumer consumed one item : 7 
Consumer consumed one item : 6 
Consumer consumed one item : 5 
Consumer consumed one item : 4 
Consumer consumed one item : 3 
Consumer consumed one item : 2 
Consumer consumed one item : 1 
Consumer consumed one item : 0 
Consumer found that the buffer is empty and waiting for the producer to produceConsumer found that the buffer is empty and waiting for the producer to produceProducer produced one item : 0 
Producer produced one item : 1 
Producer produced one item : 2 
Producer produced one item : 3 
Producer produced one item : 4 
Producer produced one item : 5 
Producer produced one item : 6 
Producer produced one item : 7 
Producer produced one item : 8 
Producer produced one item : 9 
Producer produced one item : 10 
Producer found that buffer is full and waiting for the consumer to consumeConsumer consumed one item : 10 
Consumer consumed one item : 9 
Consumer consumed one item : 8 
Consumer consumed one item : 7 
Consumer consumed one item : 6 
Consumer consumed one item : 5 
Consumer consumed one item : 4 
Consumer consumed one item : 3 
Consumer consumed one item : 2 
Consumer consumed one item : 1 
Consumer consumed one item : 0 
Consumer found that the buffer is empty and waiting for the producer to produceConsumer consumed one item : -1 
Consumer consumed one item : -2 
Consumer consumed one item : -3 
Consumer consumed one item : -4 
Consumer consumed one item : -5 
Consumer consumed one item : -6 
Consumer consumed one item : -7 
Consumer consumed one item : -8 
Consumer consumed one item : -9 
Consumer consumed one item : -10 
Consumer consumed one item : -11 
Consumer consumed one item : -12 
Consumer consumed one item : -13 
Consumer consumed one item : -14 
Consumer consumed one item : -15 
Consumer consumed one item : -16 
Consumer consumed one item : -17 
Producer produced one item : -17 
Consumer consumed one item : -17 
Consumer consumed one item : -18 
Producer produced one item : -18 
Consumer consumed one item : -18 
Consumer consumed one item : -19 
Producer produced one item : -19 
Producer produced one item : -18 
Producer produced one item : -17 
Consumer consumed one item : -17 
Consumer consumed one item : -18 
Consumer consumed one item : -19 
Consumer consumed one item : -20 
Consumer consumed one item : -21 
Consumer consumed one item : -22 
Producer produced one item : -22 
Producer produced one item : -21 
Producer produced one item : -20 
Producer produced one item : -19 
Producer produced one item : -18 
Producer produced one item : -17 
Consumer consumed one item : -17 
Producer produced one item : -17 
Producer produced one item : -16 
Producer produced one item : -15 
Consumer consumed one item : -15 
Consumer consumed one item : -16 
Consumer consumed one item : -17 
Consumer consumed one item : -18 
Consumer consumed one item : -19 
Consumer consumed one item : -20 
Consumer consumed one item : -21 
Producer produced one item : -21 
Producer produced one item : -20 
Producer produced one item : -19 
Producer produced one item : -18 
Consumer consumed one item : -18 
Producer produced one item : -18 
Producer produced one item : -17 
Producer produced one item : -16 
Producer produced one item : -15 
Producer produced one item : -14 
Producer produced one item : -13 
Producer produced one item : -12 
Producer produced one item : -11 
Producer produced one item : -10 
Producer produced one item : -9 
Producer produced one item : -8 
Producer produced one item : -7 
Producer produced one item : -6 
Producer produced one item : -5 
Producer produced one item : -4 
Producer produced one item : -3 
Consumer consumed one item : -3 
Consumer consumed one item : -4 
Consumer consumed one item : -5 
Consumer consumed one item : -6 
Consumer consumed one item : -7 
Consumer consumed one item : -8 
Consumer consumed one item : -9 
Consumer consumed one item : -10 
Consumer consumed one item : -11 
Consumer consumed one item : -12 
Producer produced one item : -12 
Producer produced one item : -11 
Producer produced one item : -10 
Consumer consumed one item : -10 
Consumer consumed one item : -11 
Consumer consumed one item : -12 
Consumer consumed one item : -13 
Consumer consumed one item : -14 
Producer produced one item : -14 
Producer produced one item : -13 
Producer produced one item : -12 
Producer produced one item : -11 
Producer produced one item : -10 
Producer produced one item : -9 
Producer produced one item : -8 
Producer produced one item : -7 
Producer produced one item : -6 
Producer produced one item : -5 
Consumer consumed one item : -5 
Consumer consumed one item : -6 
Consumer consumed one item : -7 
Consumer consumed one item : -8 
Consumer consumed one item : -9 
Consumer consumed one item : -10 
Consumer consumed one item : -11 
Consumer consumed one item : -12 
Consumer consumed one item : -13 
Consumer consumed one item : -14 
Consumer consumed one item : -15 
Producer produced one item : -15 
Consumer consumed one item : -15 
Consumer consumed one item : -16 
Consumer consumed one item : -17 
Consumer consumed one item : -18 
Consumer consumed one item : -19 
Consumer consumed one item : -20 
Consumer consumed one item : -21 
Consumer consumed one item : -22 
Consumer consumed one item : -23 
Consumer consumed one item : -24 
Producer produced one item : -24 
Producer produced one item : -23 
Producer produced one item : -22 
Producer produced one item : -21 
Producer produced one item : -20 
Producer produced one item : -19 
Producer produced one item : -18 
Producer produced one item : -17 
Producer produced one item : -16 
Producer produced one item : -15 
Producer produced one item : -14 
Producer produced one item : -13 
Producer produced one item : -12 
Producer produced one item : -11 
Producer produced one item : -10 
Producer produced one item : -9 
Producer produced one item : -8 
Producer produced one item : -7 
Producer produced one item : -6 
Producer produced one item : -5 
Producer produced one item : -4 
Producer produced one item : -3 
Producer produced one item : -2 
Producer produced one item : -1 
Producer produced one item : 0 
Consumer consumed one item : 0 
Consumer found that the buffer is empty and waiting for the producer to produceConsumer found that the buffer is empty and waiting for the producer to produceProducer produced one item : 0 
Producer produced one item : 1 
Consumer consumed one item : 1 
Consumer consumed one item : 0 
Consumer found that the buffer is empty and waiting for the producer to produceProducer produced one item : 0 
Producer produced one item : 1 
Producer produced one item : 2 
Consumer consumed one item : 2 
Consumer consumed one item : 1 
Consumer consumed one item : 0 
Consumer found that the buffer is empty and waiting for the producer to produceProducer produced one item : 0 
Producer produced one item : 1 
Consumer consumed one item : 1 
Consumer consumed one item : 0 
Consumer found that the buffer is empty and waiting for the producer to produceProducer produced one item : 0 
Producer produced one item : 1 
Producer produced one item : 2 
Producer produced one item : 3 
Producer produced one item : 4 
Producer produced one item : 5 
Producer produced one item : 6 
Producer produced one item : 7 
Producer produced one item : 8 
Producer produced one item : 9 
Consumer consumed one item : 9 
Consumer consumed one item : 8 
Consumer consumed one item : 7 
Consumer consumed one item : 6 
Consumer consumed one item : 5 
Consumer consumed one item : 4 
Producer produced one item : 4 
Consumer consumed one item : 4 
Producer produced one item : 4 
Producer produced one item : 5 
Producer produced one item : 6 
Producer produced one item : 7 
Producer produced one item : 8 
Producer produced one item : 9 
Producer produced one item : 10 
Producer found that buffer is full and waiting for the consumer to consumeProducer found that buffer is full and waiting for the consumer to consumeConsumer consumed one item : 10 
Consumer consumed one item : 9 
Consumer consumed one item : 8 
Consumer consumed one item : 7 
Consumer consumed one item : 6 
Producer produced one item : 6 
Producer produced one item : 7 
Producer produced one item : 8 
Producer produced one item : 9 
Producer produced one item : 10 
Producer found that buffer is full and waiting for the consumer to consumeConsumer consumed one item : 10 
Consumer consumed one item : 9 
Consumer consumed one item : 8 
Consumer consumed one item : 7 
Consumer consumed one item : 6 
Consumer consumed one item : 5 
Consumer consumed one item : 4 
Consumer consumed one item : 3 
Consumer consumed one item : 2 
Consumer consumed one item : 1 
Consumer consumed one item : 0 
Consumer found that the buffer is empty and waiting for the producer to produceProducer produced one item : 0 
Producer produced one item : 1 
Producer produced one item : 2 
Producer produced one item : 3 
Producer produced one item : 4 
Producer produced one item : 5 
Producer produced one item : 6 
Producer produced one item : 7 
Producer produced one item : 8 
Producer produced one item : 9 
Producer produced one item : 10 
Producer found that buffer is full and waiting for the consumer to consumeProducer produced one item : 11 
Producer produced one item : 12 
Consumer consumed one item : 12 
Consumer consumed one item : 11 
Consumer consumed one item : 10 
Consumer consumed one item : 9 
Consumer consumed one item : 8 
Consumer consumed one item : 7 
Consumer consumed one item : 6 
Consumer consumed one item : 5 
Consumer consumed one item : 4 
Consumer consumed one item : 3 
Consumer consumed one item : 2 
Consumer consumed one item : 1 
Consumer consumed one item : 0 
Consumer found that the buffer is empty and waiting for the producer to produceProducer produced one item : 0 
Producer produced one item : 1 
Producer produced one item : 2 
Producer produced one item : 3 
Producer produced one item : 4 
Producer produced one item : 5 
Producer produced one item : 6 
Producer produced one item : 7 
Producer produced one item : 8 
Producer produced one item : 9 
Producer produced one item : 10 
Producer found that buffer is full and waiting for the consumer to consumeConsumer consumed one item : 10 
Consumer consumed one item : 9 
Consumer consumed one item : 8 
Consumer consumed one item : 7 
Consumer consumed one item : 6 
Consumer consumed one item : 5 
Consumer consumed one item : 4 
Consumer consumed one item : 3 
Consumer consumed one item : 2 
Consumer consumed one item : 1 
Consumer consumed one item : 0 
Consumer found that the buffer is empty and waiting for the producer to produceProducer produced one item : 0 
Producer produced one item : 1 
Producer produced one item : 2 
Producer produced one item : 3 
Producer produced one item : 4 
Producer produced one item : 5 
Producer produced one item : 6 
Producer produced one item : 7 
Producer produced one item : 8 
Consumer consumed one item : 8 
Consumer consumed one item : 7 
Consumer consumed one item : 6 
Consumer consumed one item : 5 
Consumer consumed one item : 4 
Consumer consumed one item : 3 
Consumer consumed one item : 2 
Consumer consumed one item : 1 
Consumer consumed one item : 0 
Consumer found that the buffer is empty and waiting for the producer to produceProducer produced one item : 0 
Producer produced one item : 1 
Producer produced one item : 2 
Producer produced one item : 3 
Producer produced one item : 4 
Consumer consumed one item : 4 
Consumer consumed one item : 3 
Consumer consumed one item : 2 
Consumer consumed one item : 1 
